2018-02-24 17:25:59,583 - Log4JLogChute initialized using file 'velocity.log'
2018-02-24 17:25:59,583 - Initializing Velocity, Calling init()...
2018-02-24 17:25:59,583 - Starting Apache Velocity v1.7 (compiled: 2010-11-19 12:14:37)
2018-02-24 17:25:59,583 - Default Properties File: org\apache\velocity\runtime\defaults\velocity.properties
2018-02-24 17:25:59,583 - Trying to use logger class org.apache.velocity.runtime.log.AvalonLogChute
2018-02-24 17:25:59,583 - Target log system for org.apache.velocity.runtime.log.AvalonLogChute is not available (java.lang.NoClassDefFoundError: org/apache/log/format/Formatter).  Falling back to next log system...
2018-02-24 17:25:59,583 - Trying to use logger class org.apache.velocity.runtime.log.Log4JLogChute
2018-02-24 17:25:59,583 - Using logger class org.apache.velocity.runtime.log.Log4JLogChute
2018-02-24 17:25:59,586 - ResourceLoader instantiated: org.apache.velocity.runtime.resource.loader.ClasspathResourceLoader
2018-02-24 17:25:59,593 - ResourceCache: initialized (class org.apache.velocity.runtime.resource.ResourceCacheImpl) with class java.util.Collections$SynchronizedMap cache map.
2018-02-24 17:25:59,594 - Loaded System Directive: org.apache.velocity.runtime.directive.Stop
2018-02-24 17:25:59,595 - Loaded System Directive: org.apache.velocity.runtime.directive.Define
2018-02-24 17:25:59,596 - Loaded System Directive: org.apache.velocity.runtime.directive.Break
2018-02-24 17:25:59,596 - Loaded System Directive: org.apache.velocity.runtime.directive.Evaluate
2018-02-24 17:25:59,597 - Loaded System Directive: org.apache.velocity.runtime.directive.Literal
2018-02-24 17:25:59,597 - Loaded System Directive: org.apache.velocity.runtime.directive.Macro
2018-02-24 17:25:59,598 - Loaded System Directive: org.apache.velocity.runtime.directive.Parse
2018-02-24 17:25:59,599 - Loaded System Directive: org.apache.velocity.runtime.directive.Include
2018-02-24 17:25:59,600 - Loaded System Directive: org.apache.velocity.runtime.directive.Foreach
2018-02-24 17:25:59,617 - Created '20' parsers.
2018-02-24 17:25:59,621 - Velocimacro : "velocimacro.library" is not set.  Trying default library: VM_global_library.vm
2018-02-24 17:25:59,622 - Could not load resource 'VM_global_library.vm' from ResourceLoader org.apache.velocity.runtime.resource.loader.ClasspathResourceLoader: ClasspathResourceLoader Error: cannot find resource VM_global_library.vm
2018-02-24 17:25:59,622 - Velocimacro : Default library not found.
2018-02-24 17:25:59,622 - Velocimacro : allowInline = true : VMs can be defined inline in templates
2018-02-24 17:25:59,622 - Velocimacro : allowInlineToOverride = false : VMs defined inline may NOT replace previous VM definitions
2018-02-24 17:25:59,622 - Velocimacro : allowInlineLocal = false : VMs defined inline will be global in scope if allowed.
2018-02-24 17:25:59,622 - Velocimacro : autoload off : VM system will not automatically reload global library macros
2018-02-24 17:25:59,650 - ResourceManager : found templates/common/generator/domain.java.vm with loader org.apache.velocity.runtime.resource.loader.ClasspathResourceLoader
2018-02-24 17:25:59,669 - ResourceManager : found templates/common/generator/Dao.java.vm with loader org.apache.velocity.runtime.resource.loader.ClasspathResourceLoader
2018-02-24 17:25:59,702 - ResourceManager : found templates/common/generator/Mapper.xml.vm with loader org.apache.velocity.runtime.resource.loader.ClasspathResourceLoader
2018-02-24 17:25:59,710 - Null reference [template 'templates/common/generator/Mapper.xml.vm', line 19, column 26] : ${sort} cannot be resolved.
2018-02-24 17:25:59,710 - Null reference [template 'templates/common/generator/Mapper.xml.vm', line 19, column 34] : ${order} cannot be resolved.
2018-02-24 17:25:59,721 - ResourceManager : found templates/common/generator/Service.java.vm with loader org.apache.velocity.runtime.resource.loader.ClasspathResourceLoader
2018-02-24 17:25:59,735 - ResourceManager : found templates/common/generator/ServiceImpl.java.vm with loader org.apache.velocity.runtime.resource.loader.ClasspathResourceLoader
2018-02-24 17:25:59,756 - ResourceManager : found templates/common/generator/Controller.java.vm with loader org.apache.velocity.runtime.resource.loader.ClasspathResourceLoader
2018-02-24 17:25:59,760 - ResourceManager : found templates/common/generator/list.html.vm with loader org.apache.velocity.runtime.resource.loader.ClasspathResourceLoader
2018-02-24 17:25:59,765 - ResourceManager : found templates/common/generator/add.html.vm with loader org.apache.velocity.runtime.resource.loader.ClasspathResourceLoader
2018-02-24 17:25:59,774 - ResourceManager : found templates/common/generator/edit.html.vm with loader org.apache.velocity.runtime.resource.loader.ClasspathResourceLoader
2018-02-24 17:25:59,780 - ResourceManager : found templates/common/generator/list.js.vm with loader org.apache.velocity.runtime.resource.loader.ClasspathResourceLoader
2018-02-24 17:25:59,782 - ResourceManager : found templates/common/generator/add.js.vm with loader org.apache.velocity.runtime.resource.loader.ClasspathResourceLoader
2018-02-24 17:25:59,783 - ResourceManager : found templates/common/generator/edit.js.vm with loader org.apache.velocity.runtime.resource.loader.ClasspathResourceLoader
2018-02-26 10:41:24,240 - Log4JLogChute initialized using file 'velocity.log'
2018-02-26 10:41:24,241 - Initializing Velocity, Calling init()...
2018-02-26 10:41:24,241 - Starting Apache Velocity v1.7 (compiled: 2010-11-19 12:14:37)
2018-02-26 10:41:24,241 - Default Properties File: org\apache\velocity\runtime\defaults\velocity.properties
2018-02-26 10:41:24,241 - Trying to use logger class org.apache.velocity.runtime.log.AvalonLogChute
2018-02-26 10:41:24,241 - Target log system for org.apache.velocity.runtime.log.AvalonLogChute is not available (java.lang.NoClassDefFoundError: org/apache/log/format/Formatter).  Falling back to next log system...
2018-02-26 10:41:24,241 - Trying to use logger class org.apache.velocity.runtime.log.Log4JLogChute
2018-02-26 10:41:24,241 - Using logger class org.apache.velocity.runtime.log.Log4JLogChute
2018-02-26 10:41:24,246 - ResourceLoader instantiated: org.apache.velocity.runtime.resource.loader.ClasspathResourceLoader
2018-02-26 10:41:24,253 - ResourceCache: initialized (class org.apache.velocity.runtime.resource.ResourceCacheImpl) with class java.util.Collections$SynchronizedMap cache map.
2018-02-26 10:41:24,254 - Loaded System Directive: org.apache.velocity.runtime.directive.Stop
2018-02-26 10:41:24,255 - Loaded System Directive: org.apache.velocity.runtime.directive.Define
2018-02-26 10:41:24,256 - Loaded System Directive: org.apache.velocity.runtime.directive.Break
2018-02-26 10:41:24,257 - Loaded System Directive: org.apache.velocity.runtime.directive.Evaluate
2018-02-26 10:41:24,258 - Loaded System Directive: org.apache.velocity.runtime.directive.Literal
2018-02-26 10:41:24,259 - Loaded System Directive: org.apache.velocity.runtime.directive.Macro
2018-02-26 10:41:24,260 - Loaded System Directive: org.apache.velocity.runtime.directive.Parse
2018-02-26 10:41:24,261 - Loaded System Directive: org.apache.velocity.runtime.directive.Include
2018-02-26 10:41:24,262 - Loaded System Directive: org.apache.velocity.runtime.directive.Foreach
2018-02-26 10:41:24,285 - Created '20' parsers.
2018-02-26 10:41:24,291 - Velocimacro : "velocimacro.library" is not set.  Trying default library: VM_global_library.vm
2018-02-26 10:41:24,291 - Could not load resource 'VM_global_library.vm' from ResourceLoader org.apache.velocity.runtime.resource.loader.ClasspathResourceLoader: ClasspathResourceLoader Error: cannot find resource VM_global_library.vm
2018-02-26 10:41:24,291 - Velocimacro : Default library not found.
2018-02-26 10:41:24,291 - Velocimacro : allowInline = true : VMs can be defined inline in templates
2018-02-26 10:41:24,291 - Velocimacro : allowInlineToOverride = false : VMs defined inline may NOT replace previous VM definitions
2018-02-26 10:41:24,291 - Velocimacro : allowInlineLocal = false : VMs defined inline will be global in scope if allowed.
2018-02-26 10:41:24,291 - Velocimacro : autoload off : VM system will not automatically reload global library macros
2018-02-26 10:41:24,321 - ResourceManager : found templates/common/generator/domain.java.vm with loader org.apache.velocity.runtime.resource.loader.ClasspathResourceLoader
2018-02-26 10:41:24,341 - ResourceManager : found templates/common/generator/Dao.java.vm with loader org.apache.velocity.runtime.resource.loader.ClasspathResourceLoader
2018-02-26 10:41:24,379 - ResourceManager : found templates/common/generator/Mapper.xml.vm with loader org.apache.velocity.runtime.resource.loader.ClasspathResourceLoader
2018-02-26 10:41:24,385 - Null reference [template 'templates/common/generator/Mapper.xml.vm', line 19, column 26] : ${sort} cannot be resolved.
2018-02-26 10:41:24,385 - Null reference [template 'templates/common/generator/Mapper.xml.vm', line 19, column 34] : ${order} cannot be resolved.
2018-02-26 10:41:24,395 - ResourceManager : found templates/common/generator/Service.java.vm with loader org.apache.velocity.runtime.resource.loader.ClasspathResourceLoader
2018-02-26 10:41:24,419 - ResourceManager : found templates/common/generator/ServiceImpl.java.vm with loader org.apache.velocity.runtime.resource.loader.ClasspathResourceLoader
2018-02-26 10:41:24,448 - ResourceManager : found templates/common/generator/Controller.java.vm with loader org.apache.velocity.runtime.resource.loader.ClasspathResourceLoader
2018-02-26 10:41:24,453 - ResourceManager : found templates/common/generator/list.html.vm with loader org.apache.velocity.runtime.resource.loader.ClasspathResourceLoader
2018-02-26 10:41:24,459 - ResourceManager : found templates/common/generator/add.html.vm with loader org.apache.velocity.runtime.resource.loader.ClasspathResourceLoader
2018-02-26 10:41:24,468 - ResourceManager : found templates/common/generator/edit.html.vm with loader org.apache.velocity.runtime.resource.loader.ClasspathResourceLoader
2018-02-26 10:41:24,478 - ResourceManager : found templates/common/generator/list.js.vm with loader org.apache.velocity.runtime.resource.loader.ClasspathResourceLoader
2018-02-26 10:41:24,481 - ResourceManager : found templates/common/generator/add.js.vm with loader org.apache.velocity.runtime.resource.loader.ClasspathResourceLoader
2018-02-26 10:41:24,484 - ResourceManager : found templates/common/generator/edit.js.vm with loader org.apache.velocity.runtime.resource.loader.ClasspathResourceLoader
2018-03-01 18:42:20,485 - Log4JLogChute initialized using file 'velocity.log'
2018-03-01 18:42:20,498 - Initializing Velocity, Calling init()...
2018-03-01 18:42:20,498 - Starting Apache Velocity v1.7 (compiled: 2010-11-19 12:14:37)
2018-03-01 18:42:20,498 - Default Properties File: org\apache\velocity\runtime\defaults\velocity.properties
2018-03-01 18:42:20,498 - Trying to use logger class org.apache.velocity.runtime.log.AvalonLogChute
2018-03-01 18:42:20,498 - Target log system for org.apache.velocity.runtime.log.AvalonLogChute is not available (java.lang.NoClassDefFoundError: org/apache/log/format/Formatter).  Falling back to next log system...
2018-03-01 18:42:20,498 - Trying to use logger class org.apache.velocity.runtime.log.Log4JLogChute
2018-03-01 18:42:20,498 - Using logger class org.apache.velocity.runtime.log.Log4JLogChute
2018-03-01 18:42:20,520 - ResourceLoader instantiated: org.apache.velocity.runtime.resource.loader.ClasspathResourceLoader
2018-03-01 18:42:20,526 - ResourceCache: initialized (class org.apache.velocity.runtime.resource.ResourceCacheImpl) with class java.util.Collections$SynchronizedMap cache map.
2018-03-01 18:42:20,528 - Loaded System Directive: org.apache.velocity.runtime.directive.Stop
2018-03-01 18:42:20,539 - Loaded System Directive: org.apache.velocity.runtime.directive.Define
2018-03-01 18:42:20,539 - Loaded System Directive: org.apache.velocity.runtime.directive.Break
2018-03-01 18:42:20,540 - Loaded System Directive: org.apache.velocity.runtime.directive.Evaluate
2018-03-01 18:42:20,541 - Loaded System Directive: org.apache.velocity.runtime.directive.Literal
2018-03-01 18:42:20,542 - Loaded System Directive: org.apache.velocity.runtime.directive.Macro
2018-03-01 18:42:20,543 - Loaded System Directive: org.apache.velocity.runtime.directive.Parse
2018-03-01 18:42:20,545 - Loaded System Directive: org.apache.velocity.runtime.directive.Include
2018-03-01 18:42:20,546 - Loaded System Directive: org.apache.velocity.runtime.directive.Foreach
2018-03-01 18:42:20,576 - Created '20' parsers.
2018-03-01 18:42:20,581 - Velocimacro : "velocimacro.library" is not set.  Trying default library: VM_global_library.vm
2018-03-01 18:42:20,582 - Could not load resource 'VM_global_library.vm' from ResourceLoader org.apache.velocity.runtime.resource.loader.ClasspathResourceLoader: ClasspathResourceLoader Error: cannot find resource VM_global_library.vm
2018-03-01 18:42:20,582 - Velocimacro : Default library not found.
2018-03-01 18:42:20,582 - Velocimacro : allowInline = true : VMs can be defined inline in templates
2018-03-01 18:42:20,582 - Velocimacro : allowInlineToOverride = false : VMs defined inline may NOT replace previous VM definitions
2018-03-01 18:42:20,582 - Velocimacro : allowInlineLocal = false : VMs defined inline will be global in scope if allowed.
2018-03-01 18:42:20,582 - Velocimacro : autoload off : VM system will not automatically reload global library macros
2018-03-01 18:42:20,606 - ResourceManager : found templates/common/generator/domain.java.vm with loader org.apache.velocity.runtime.resource.loader.ClasspathResourceLoader
2018-03-01 18:42:20,642 - ResourceManager : found templates/common/generator/Dao.java.vm with loader org.apache.velocity.runtime.resource.loader.ClasspathResourceLoader
2018-03-01 18:42:20,674 - ResourceManager : found templates/common/generator/Mapper.xml.vm with loader org.apache.velocity.runtime.resource.loader.ClasspathResourceLoader
2018-03-01 18:42:20,684 - Null reference [template 'templates/common/generator/Mapper.xml.vm', line 19, column 26] : ${sort} cannot be resolved.
2018-03-01 18:42:20,684 - Null reference [template 'templates/common/generator/Mapper.xml.vm', line 19, column 34] : ${order} cannot be resolved.
2018-03-01 18:42:20,697 - ResourceManager : found templates/common/generator/Service.java.vm with loader org.apache.velocity.runtime.resource.loader.ClasspathResourceLoader
2018-03-01 18:42:20,708 - ResourceManager : found templates/common/generator/ServiceImpl.java.vm with loader org.apache.velocity.runtime.resource.loader.ClasspathResourceLoader
2018-03-01 18:42:20,728 - ResourceManager : found templates/common/generator/Controller.java.vm with loader org.apache.velocity.runtime.resource.loader.ClasspathResourceLoader
2018-03-01 18:42:20,733 - ResourceManager : found templates/common/generator/list.html.vm with loader org.apache.velocity.runtime.resource.loader.ClasspathResourceLoader
2018-03-01 18:42:20,738 - ResourceManager : found templates/common/generator/add.html.vm with loader org.apache.velocity.runtime.resource.loader.ClasspathResourceLoader
2018-03-01 18:42:20,745 - ResourceManager : found templates/common/generator/edit.html.vm with loader org.apache.velocity.runtime.resource.loader.ClasspathResourceLoader
2018-03-01 18:42:20,751 - ResourceManager : found templates/common/generator/list.js.vm with loader org.apache.velocity.runtime.resource.loader.ClasspathResourceLoader
2018-03-01 18:42:20,753 - ResourceManager : found templates/common/generator/add.js.vm with loader org.apache.velocity.runtime.resource.loader.ClasspathResourceLoader
2018-03-01 18:42:20,754 - ResourceManager : found templates/common/generator/edit.js.vm with loader org.apache.velocity.runtime.resource.loader.ClasspathResourceLoader
